<?xml version="1.0" encoding="UTF-8"?>
<testng-results ignored="0" total="1" passed="1" failed="0" skipped="0">
  <reporter-output>
  </reporter-output>
  <suite started-at="2024-07-21T19:32:29 IST" name="Suite" finished-at="2024-07-21T19:32:40 IST" duration-ms="11045">
    <groups>
    </groups>
    <test started-at="2024-07-21T19:32:29 IST" name="Test" finished-at="2024-07-21T19:32:40 IST" duration-ms="11045">
      <class name="project1_testfile.Project1_Testcase2">
        <test-method signature="login()[pri:0, instance:project1_testfile.Project1_Testcase2@4d465b11]" started-at="2024-07-21T19:32:29 IST" name="login" finished-at="2024-07-21T19:32:40 IST" duration-ms="10963" status="PASS">
          <reporter-output>
          </reporter-output>
        </test-method> <!-- login -->
      </class> <!-- project1_testfile.Project1_Testcase2 -->
    </test> <!-- Test -->
  </suite> <!-- Suite -->
</testng-results>
